<?xml version="1.0" encoding="UTF-8"?>
<!-- Generated by org.testng.reporters.JUnitReportReporter -->
<testsuite hostname="idea-PClenovo" failures="0" tests="4" name="crmtest.HomePageTest" time="98.436" errors="0" timestamp="2022-11-11T21:13:08 IST" skipped="0">
  <testcase classname="crmtest.HomePageTest" name="validUserTxt" time="30.228"/>
  <system-out/>
  <testcase classname="crmtest.HomePageTest" name="validNewCompanyRedirection" time="17.772"/>
  <system-out/>
  <testcase classname="crmtest.HomePageTest" name="validNewContactRedirection" time="31.281"/>
  <system-out/>
  <testcase classname="crmtest.HomePageTest" name="validNewDealRedirection" time="19.155"/>
  <system-out/>
</testsuite> <!-- crmtest.HomePageTest -->
