<?xml version="1.0" encoding="UTF-8"?>
<!-- Generated by org.testng.reporters.JUnitReportReporter -->
<testsuite hostname="idea-PClenovo" failures="0" tests="4" name="crmtest.LoginPageTest" time="43.586" errors="0" timestamp="2022-11-11T21:13:08 IST" skipped="0">
  <testcase classname="crmtest.LoginPageTest" name="validUrlTest" time="9.689"/>
  <system-out/>
  <testcase classname="crmtest.LoginPageTest" name="validTitleTest" time="9.135"/>
  <system-out/>
  <testcase classname="crmtest.LoginPageTest" name="validLogoTest" time="8.881"/>
  <system-out/>
  <testcase classname="crmtest.LoginPageTest" name="validLoginTest" time="15.881"/>
  <system-out/>
</testsuite> <!-- crmtest.LoginPageTest -->
