<?xml version="1.0" encoding="UTF-8"?>
<!-- Generated by org.testng.reporters.JUnitReportReporter -->
<testsuite hostname="idea-PClenovo" failures="0" tests="1" name="crmtest.DealPageTest" time="18.234" errors="0" timestamp="2022-11-11T21:13:08 IST" skipped="0">
  <testcase classname="crmtest.DealPageTest" name="createDealTest" time="18.234"/>
  <system-out/>
</testsuite> <!-- crmtest.DealPageTest -->
