<?xml version="1.0" encoding="UTF-8"?>
<!-- Generated by org.testng.reporters.JUnitReportReporter -->
<testsuite hostname="idea-PClenovo" failures="0" tests="1" name="crmtest.CompanyPageTest" time="26.423" errors="0" timestamp="2022-11-11T21:13:08 IST" skipped="0">
  <testcase classname="crmtest.CompanyPageTest" name="createCompanyTest" time="26.423"/>
  <system-out/>
</testsuite> <!-- crmtest.CompanyPageTest -->
