<?xml version="1.0" encoding="UTF-8"?>
<!-- Generated by org.testng.reporters.JUnitReportReporter -->
<testsuite hostname="idea-PClenovo" failures="0" tests="5" name="crmtest.ContactPageTest" time="122.513" errors="0" timestamp="2022-11-11T21:13:08 IST" skipped="0">
  <testcase classname="crmtest.ContactPageTest" name="validateCreateContactTest" time="23.340"/>
  <system-out/>
  <testcase classname="crmtest.ContactPageTest" name="validateCreateContactTest" time="21.463"/>
  <system-out/>
  <testcase classname="crmtest.ContactPageTest" name="validateCreateContactTest" time="27.140"/>
  <system-out/>
  <testcase classname="crmtest.ContactPageTest" name="validateCreateContactTest" time="28.148"/>
  <system-out/>
  <testcase classname="crmtest.ContactPageTest" name="validateCreateContactTest" time="22.422"/>
  <system-out/>
</testsuite> <!-- crmtest.ContactPageTest -->
